<?xml version="1.0" encoding="UTF-8"?>
<!-- Generated by org.testng.reporters.JUnitXMLReporter -->
<testsuite hostname="Device_Wang" ignored="0" name="Test01" tests="4" failures="0" timestamp="2019-02-26T23:05:41 CST" time="1.256" errors="0">
  <testcase name="loginTest" time="1.171" classname="com.xinghai.testcase.TestCase"/>
  <testcase name="checkCookieTest" time="0.007" classname="com.xinghai.testcase.TestCase"/>
  <testcase name="querySub1Test" time="0.007" classname="com.xinghai.testcase.TestCase"/>
  <testcase name="querySub2Test" time="0.007" classname="com.xinghai.testcase.TestCase"/>
</testsuite> <!-- Test01 -->
