<?xml version="1.0" encoding="UTF-8"?>
<testng-results skipped="0" failed="0" ignored="0" total="4" passed="4">
  <reporter-output>
  </reporter-output>
  <suite name="Test01" duration-ms="1256" started-at="2019-02-26T23:05:40 CST" finished-at="2019-02-26T23:05:41 CST">
    <groups>
    </groups>
    <test name="Test01" duration-ms="1256" started-at="2019-02-26T23:05:40 CST" finished-at="2019-02-26T23:05:41 CST">
      <class name="com.xinghai.testcase.TestCase">
        <test-method status="PASS" signature="init()[pri:0, instance:com.xinghai.testcase.TestCase@3c09711b]" name="init" is-config="true" duration-ms="21" started-at="2019-02-26T23:05:40 CST" finished-at="2019-02-26T23:05:40 CST">
          <reporter-output>
          </reporter-output>
        </test-method> <!-- init -->
        <test-method status="PASS" signature="loginTest()[pri:0, instance:com.xinghai.testcase.TestCase@3c09711b]" name="loginTest" duration-ms="1171" started-at="2019-02-26T23:05:40 CST" finished-at="2019-02-26T23:05:41 CST">
          <reporter-output>
          </reporter-output>
        </test-method> <!-- loginTest -->
        <test-method status="PASS" signature="init()[pri:0, instance:com.xinghai.testcase.TestCase@3c09711b]" name="init" is-config="true" duration-ms="0" started-at="2019-02-26T23:05:41 CST" finished-at="2019-02-26T23:05:41 CST">
          <reporter-output>
          </reporter-output>
        </test-method> <!-- init -->
        <test-method status="PASS" signature="checkCookieTest()[pri:0, instance:com.xinghai.testcase.TestCase@3c09711b]" name="checkCookieTest" duration-ms="7" started-at="2019-02-26T23:05:41 CST" depends-on-methods="com.xinghai.testcase.TestCase.loginTest" finished-at="2019-02-26T23:05:41 CST">
          <reporter-output>
          </reporter-output>
        </test-method> <!-- checkCookieTest -->
        <test-method status="PASS" signature="querySub1Test()[pri:0, instance:com.xinghai.testcase.TestCase@3c09711b]" name="querySub1Test" duration-ms="7" started-at="2019-02-26T23:05:41 CST" depends-on-methods="com.xinghai.testcase.TestCase.loginTest" finished-at="2019-02-26T23:05:41 CST">
          <reporter-output>
          </reporter-output>
        </test-method> <!-- querySub1Test -->
        <test-method status="PASS" signature="init()[pri:0, instance:com.xinghai.testcase.TestCase@3c09711b]" name="init" is-config="true" duration-ms="0" started-at="2019-02-26T23:05:41 CST" finished-at="2019-02-26T23:05:41 CST">
          <reporter-output>
          </reporter-output>
        </test-method> <!-- init -->
        <test-method status="PASS" signature="init()[pri:0, instance:com.xinghai.testcase.TestCase@3c09711b]" name="init" is-config="true" duration-ms="1" started-at="2019-02-26T23:05:41 CST" finished-at="2019-02-26T23:05:41 CST">
          <reporter-output>
          </reporter-output>
        </test-method> <!-- init -->
        <test-method status="PASS" signature="querySub2Test()[pri:0, instance:com.xinghai.testcase.TestCase@3c09711b]" name="querySub2Test" duration-ms="7" started-at="2019-02-26T23:05:41 CST" depends-on-methods="com.xinghai.testcase.TestCase.loginTest" finished-at="2019-02-26T23:05:41 CST">
          <reporter-output>
          </reporter-output>
        </test-method> <!-- querySub2Test -->
      </class> <!-- com.xinghai.testcase.TestCase -->
    </test> <!-- Test01 -->
  </suite> <!-- Test01 -->
</testng-results>
