<?xml version="1.0" encoding="UTF-8" ?>
<testsuite tests="4" failures="0" name="TestSuite" time="3.117" errors="0" skipped="0">
  <properties>
[...]
</properties>
  <testcase classname="com.xinghai.testcase.TestCase" name="loginTest" time="1.171"/>
  <testcase classname="com.xinghai.testcase.TestCase" name="checkCookieTest" time="0.007"/>
  <testcase classname="com.xinghai.testcase.TestCase" name="querySub1Test" time="0.008"/>
  <testcase classname="com.xinghai.testcase.TestCase" name="querySub2Test" time="0.007"/>
</testsuite>